# JRE version: Java(TM) SE Runtime Environment (8.0_45-b15) (build 1.8.0_45-b15)
# Java VM: Java HotSpot(TM) 64-Bit Server VM (25.45-b02 mixed mode windows-amd64 compressed oops)
Heap:
 PSYoungGen      total 146432K, used 131584K [0x000000076ab00000, 0x0000000774d00000, 0x00000007c0000000)
  eden space 131584K, 100% used [0x000000076ab00000,0x0000000772b80000,0x0000000772b80000)
  from space 14848K, 0% used [0x0000000773b80000,0x0000000773b80000,0x0000000774a00000)
  to   space 16384K, 0% used [0x0000000772b80000,0x0000000772b80000,0x0000000773b80000)
 ParOldGen       total 87552K, used 87336K [0x00000006c0000000, 0x00000006c5580000, 0x000000076ab00000)
  object space 87552K, 99% used [0x00000006c0000000,0x00000006c554a398,0x00000006c5580000)
 Metaspace       used 6463K, capacity 7224K, committed 7296K, reserved 1056768K
  class space    used 611K, capacity 624K, committed 640K, reserved 1048576K
GC Heap History (10 events):
Event: 7.695 GC heap before
{Heap before GC invocations=9 (full 1):
 PSYoungGen      total 146432K, used 14823K [0x000000076ab00000, 0x0000000774d00000, 0x00000007c0000000)
  eden space 131584K, 0% used [0x000000076ab00000,0x000000076ab00000,0x0000000772b80000)
  from space 14848K, 99% used [0x0000000773b80000,0x00000007749f9ef8,0x0000000774a00000)
  to   space 16384K, 0% used [0x0000000772b80000,0x0000000772b80000,0x0000000773b80000)
 ParOldGen       total 87552K, used 68131K [0x00000006c0000000, 0x00000006c5580000, 0x000000076ab00000)
  object space 87552K, 77% used [0x00000006c0000000,0x00000006c4288c70,0x00000006c5580000)
 Metaspace       used 6432K, capacity 7224K, committed 7296K, reserved 1056768K
  class space    used 611K, capacity 624K, committed 640K, reserved 1048576K
Event: 9.563 GC heap after
Heap after GC invocations=9 (full 1):
 PSYoungGen      total 146432K, used 0K [0x000000076ab00000, 0x0000000774d00000, 0x00000007c0000000)
  eden space 131584K, 0% used [0x000000076ab00000,0x000000076ab00000,0x0000000772b80000)
  from space 14848K, 0% used [0x0000000773b80000,0x0000000773b80000,0x0000000774a00000)
  to   space 16384K, 0% used [0x0000000772b80000,0x0000000772b80000,0x0000000773b80000)
 ParOldGen       total 87552K, used 75668K [0x00000006c0000000, 0x00000006c5580000, 0x000000076ab00000)
  object space 87552K, 86% used [0x00000006c0000000,0x00000006c49e5068,0x00000006c5580000)
 Metaspace       used 6432K, capacity 7224K, committed 7296K, reserved 1056768K
  class space    used 611K, capacity 624K, committed 640K, reserved 1048576K
}
Event: 10.941 GC heap before
{Heap before GC invocations=10 (full 2):
 PSYoungGen      total 146432K, used 131584K [0x000000076ab00000, 0x0000000774d00000, 0x00000007c0000000)
  eden space 131584K, 100% used [0x000000076ab00000,0x0000000772b80000,0x0000000772b80000)
  from space 14848K, 0% used [0x0000000773b80000,0x0000000773b80000,0x0000000774a00000)
  to   space 16384K, 0% used [0x0000000772b80000,0x0000000772b80000,0x0000000773b80000)
 ParOldGen       total 87552K, used 75668K [0x00000006c0000000, 0x00000006c5580000, 0x000000076ab00000)
  object space 87552K, 86% used [0x00000006c0000000,0x00000006c49e5068,0x00000006c5580000)
 Metaspace       used 6440K, capacity 7224K, committed 7296K, reserved 1056768K
  class space    used 611K, capacity 624K, committed 640K, reserved 1048576K
Event: 12.144 GC heap after
Heap after GC invocations=10 (full 2):
 PSYoungGen      total 146432K, used 6320K [0x000000076ab00000, 0x0000000774d00000, 0x00000007c0000000)
  eden space 131584K, 4% used [0x000000076ab00000,0x000000076b12c2b8,0x0000000772b80000)
  from space 14848K, 0% used [0x0000000773b80000,0x0000000773b80000,0x0000000774a00000)
  to   space 16384K, 0% used [0x0000000772b80000,0x0000000772b80000,0x0000000773b80000)
 ParOldGen       total 87552K, used 87448K [0x00000006c0000000, 0x00000006c5580000, 0x000000076ab00000)
  object space 87552K, 99% used [0x00000006c0000000,0x00000006c5566038,0x00000006c5580000)
 Metaspace       used 6440K, capacity 7224K, committed 7296K, reserved 1056768K
  class space    used 611K, capacity 624K, committed 640K, reserved 1048576K
}
Event: 13.170 GC heap before
{Heap before GC invocations=11 (full 3):
 PSYoungGen      total 146432K, used 131584K [0x000000076ab00000, 0x0000000774d00000, 0x00000007c0000000)
  eden space 131584K, 100% used [0x000000076ab00000,0x0000000772b80000,0x0000000772b80000)
  from space 14848K, 0% used [0x0000000773b80000,0x0000000773b80000,0x0000000774a00000)
  to   space 16384K, 0% used [0x0000000772b80000,0x0000000772b80000,0x0000000773b80000)
 ParOldGen       total 87552K, used 87448K [0x00000006c0000000, 0x00000006c5580000, 0x000000076ab00000)
  object space 87552K, 99% used [0x00000006c0000000,0x00000006c5566038,0x00000006c5580000)
 Metaspace       used 6444K, capacity 7224K, committed 7296K, reserved 1056768K
  class space    used 611K, capacity 624K, committed 640K, reserved 1048576K
Event: 14.638 GC heap after
Heap after GC invocations=11 (full 3):
 PSYoungGen      total 146432K, used 23079K [0x000000076ab00000, 0x0000000774d00000, 0x00000007c0000000)
  eden space 131584K, 17% used [0x000000076ab00000,0x000000076c189dc8,0x0000000772b80000)
  from space 14848K, 0% used [0x0000000773b80000,0x0000000773b80000,0x0000000774a00000)
  to   space 16384K, 0% used [0x0000000772b80000,0x0000000772b80000,0x0000000773b80000)
 ParOldGen       total 87552K, used 87438K [0x00000006c0000000, 0x00000006c5580000, 0x000000076ab00000)
  object space 87552K, 99% used [0x00000006c0000000,0x00000006c55639e8,0x00000006c5580000)
 Metaspace       used 6444K, capacity 7224K, committed 7296K, reserved 1056768K
  class space    used 611K, capacity 624K, committed 640K, reserved 1048576K
}
Event: 15.636 GC heap before
{Heap before GC invocations=12 (full 4):
 PSYoungGen      total 146432K, used 131584K [0x000000076ab00000, 0x0000000774d00000, 0x00000007c0000000)
  eden space 131584K, 100% used [0x000000076ab00000,0x0000000772b80000,0x0000000772b80000)
  from space 14848K, 0% used [0x0000000773b80000,0x0000000773b80000,0x0000000774a00000)
  to   space 16384K, 0% used [0x0000000772b80000,0x0000000772b80000,0x0000000773b80000)
 ParOldGen       total 87552K, used 87438K [0x00000006c0000000, 0x00000006c5580000, 0x000000076ab00000)
  object space 87552K, 99% used [0x00000006c0000000,0x00000006c55639e8,0x00000006c5580000)
 Metaspace       used 6458K, capacity 7224K, committed 7296K, reserved 1056768K
  class space    used 611K, capacity 624K, committed 640K, reserved 1048576K
Event: 17.235 GC heap after
Heap after GC invocations=12 (full 4):
 PSYoungGen      total 146432K, used 38668K [0x000000076ab00000, 0x0000000774d00000, 0x00000007c0000000)
  eden space 131584K, 29% used [0x000000076ab00000,0x000000076d0c3318,0x0000000772b80000)
  from space 14848K, 0% used [0x0000000773b80000,0x0000000773b80000,0x0000000774a00000)
  to   space 16384K, 0% used [0x0000000772b80000,0x0000000772b80000,0x0000000773b80000)
 ParOldGen       total 87552K, used 87337K [0x00000006c0000000, 0x00000006c5580000, 0x000000076ab00000)
  object space 87552K, 99% used [0x00000006c0000000,0x00000006c554a458,0x00000006c5580000)
 Metaspace       used 6458K, capacity 7224K, committed 7296K, reserved 1056768K
  class space    used 611K, capacity 624K, committed 640K, reserved 1048576K
}
Event: 18.194 GC heap before
{Heap before GC invocations=13 (full 5):
 PSYoungGen      total 146432K, used 131584K [0x000000076ab00000, 0x0000000774d00000, 0x00000007c0000000)
  eden space 131584K, 100% used [0x000000076ab00000,0x0000000772b80000,0x0000000772b80000)
  from space 14848K, 0% used [0x0000000773b80000,0x0000000773b80000,0x0000000774a00000)
  to   space 16384K, 0% used [0x0000000772b80000,0x0000000772b80000,0x0000000773b80000)
 ParOldGen       total 87552K, used 87337K [0x00000006c0000000, 0x00000006c5580000, 0x000000076ab00000)
  object space 87552K, 99% used [0x00000006c0000000,0x00000006c554a458,0x00000006c5580000)
 Metaspace       used 6460K, capacity 7224K, committed 7296K, reserved 1056768K
  class space    used 611K, capacity 624K, committed 640K, reserved 1048576K
Event: 19.686 GC heap after
Heap after GC invocations=13 (full 5):
 PSYoungGen      total 146432K, used 50456K [0x000000076ab00000, 0x0000000774d00000, 0x00000007c0000000)
  eden space 131584K, 38% used [0x000000076ab00000,0x000000076dc46188,0x0000000772b80000)
  from space 14848K, 0% used [0x0000000773b80000,0x0000000773b80000,0x0000000774a00000)
  to   space 16384K, 0% used [0x0000000772b80000,0x0000000772b80000,0x0000000773b80000)
 ParOldGen       total 87552K, used 87336K [0x00000006c0000000, 0x00000006c5580000, 0x000000076ab00000)
  object space 87552K, 99% used [0x00000006c0000000,0x00000006c554a398,0x00000006c5580000)
 Metaspace       used 6460K, capacity 7224K, committed 7296K, reserved 1056768K
  class space    used 611K, capacity 624K, committed 640K, reserved 1048576K
}

