# JRE version: Java(TM) SE Runtime Environment (8.0_45-b15) (build 1.8.0_45-b15)
# Java VM: Java HotSpot(TM) 64-Bit Server VM (25.45-b02 mixed mode windows-amd64 compressed oops)
Heap:
 PSYoungGen      total 761856K, used 660789K [0x000000076ab00000, 0x00000007b1080000, 0x00000007c0000000)
  eden space 512512K, 92% used [0x000000076ab00000,0x0000000787ac8840,0x0000000789f80000)
  from space 249344K, 74% used [0x0000000789f80000,0x0000000795504dd0,0x0000000799300000)
  to   space 268288K, 0% used [0x00000007a0a80000,0x00000007a0a80000,0x00000007b1080000)
 ParOldGen       total 654336K, used 422829K [0x00000006c0000000, 0x00000006e7f00000, 0x000000076ab00000)
  object space 654336K, 64% used [0x00000006c0000000,0x00000006d9ceb728,0x00000006e7f00000)
 Metaspace       used 6499K, capacity 7288K, committed 7552K, reserved 1056768K
  class space    used 615K, capacity 624K, committed 640K, reserved 1048576K
GC Heap History (10 events):
Event: 32.745 GC heap before
{Heap before GC invocations=14 (full 2):
 PSYoungGen      total 555008K, used 554987K [0x000000076ab00000, 0x000000079bb00000, 0x00000007c0000000)
  eden space 436224K, 100% used [0x000000076ab00000,0x0000000785500000,0x0000000785500000)
  from space 118784K, 99% used [0x0000000785500000,0x000000078c8facd0,0x000000078c900000)
  to   space 144896K, 0% used [0x0000000792d80000,0x0000000792d80000,0x000000079bb00000)
 ParOldGen       total 420352K, used 262850K [0x00000006c0000000, 0x00000006d9a80000, 0x000000076ab00000)
  object space 420352K, 62% used [0x00000006c0000000,0x00000006d00b0bc8,0x00000006d9a80000)
 Metaspace       used 6488K, capacity 7288K, committed 7552K, reserved 1056768K
  class space    used 615K, capacity 624K, committed 640K, reserved 1048576K
Event: 33.413 GC heap after
Heap after GC invocations=14 (full 2):
 PSYoungGen      total 596480K, used 144886K [0x000000076ab00000, 0x00000007a4b00000, 0x00000007c0000000)
  eden space 451584K, 0% used [0x000000076ab00000,0x000000076ab00000,0x0000000786400000)
  from space 144896K, 99% used [0x0000000792d80000,0x000000079bafd918,0x000000079bb00000)
  to   space 206336K, 0% used [0x0000000786400000,0x0000000786400000,0x0000000792d80000)
 ParOldGen       total 420352K, used 362444K [0x00000006c0000000, 0x00000006d9a80000, 0x000000076ab00000)
  object space 420352K, 86% used [0x00000006c0000000,0x00000006d61f3360,0x00000006d9a80000)
 Metaspace       used 6488K, capacity 7288K, committed 7552K, reserved 1056768K
  class space    used 615K, capacity 624K, committed 640K, reserved 1048576K
}
Event: 33.413 GC heap before
{Heap before GC invocations=15 (full 3):
 PSYoungGen      total 596480K, used 144886K [0x000000076ab00000, 0x00000007a4b00000, 0x00000007c0000000)
  eden space 451584K, 0% used [0x000000076ab00000,0x000000076ab00000,0x0000000786400000)
  from space 144896K, 99% used [0x0000000792d80000,0x000000079bafd918,0x000000079bb00000)
  to   space 206336K, 0% used [0x0000000786400000,0x0000000786400000,0x0000000792d80000)
 ParOldGen       total 420352K, used 362444K [0x00000006c0000000, 0x00000006d9a80000, 0x000000076ab00000)
  object space 420352K, 86% used [0x00000006c0000000,0x00000006d61f3360,0x00000006d9a80000)
 Metaspace       used 6488K, capacity 7288K, committed 7552K, reserved 1056768K
  class space    used 615K, capacity 624K, committed 640K, reserved 1048576K
Event: 36.172 GC heap after
Heap after GC invocations=15 (full 3):
 PSYoungGen      total 596480K, used 2526K [0x000000076ab00000, 0x00000007a4b00000, 0x00000007c0000000)
  eden space 451584K, 0% used [0x000000076ab00000,0x000000076ab00000,0x0000000786400000)
  from space 144896K, 1% used [0x0000000792d80000,0x0000000792ff7a38,0x000000079bb00000)
  to   space 206336K, 0% used [0x0000000786400000,0x0000000786400000,0x0000000792d80000)
 ParOldGen       total 654336K, used 420195K [0x00000006c0000000, 0x00000006e7f00000, 0x000000076ab00000)
  object space 654336K, 64% used [0x00000006c0000000,0x00000006d9a58f78,0x00000006e7f00000)
 Metaspace       used 6488K, capacity 7288K, committed 7552K, reserved 1056768K
  class space    used 615K, capacity 624K, committed 640K, reserved 1048576K
}
Event: 39.994 GC heap before
{Heap before GC invocations=16 (full 3):
 PSYoungGen      total 596480K, used 454110K [0x000000076ab00000, 0x00000007a4b00000, 0x00000007c0000000)
  eden space 451584K, 100% used [0x000000076ab00000,0x0000000786400000,0x0000000786400000)
  from space 144896K, 1% used [0x0000000792d80000,0x0000000792ff7a38,0x000000079bb00000)
  to   space 206336K, 0% used [0x0000000786400000,0x0000000786400000,0x0000000792d80000)
 ParOldGen       total 654336K, used 420195K [0x00000006c0000000, 0x00000006e7f00000, 0x000000076ab00000)
  object space 654336K, 64% used [0x00000006c0000000,0x00000006d9a58f78,0x00000006e7f00000)
 Metaspace       used 6488K, capacity 7288K, committed 7552K, reserved 1056768K
  class space    used 615K, capacity 624K, committed 640K, reserved 1048576K
Event: 40.309 GC heap after
Heap after GC invocations=16 (full 3):
 PSYoungGen      total 657920K, used 168850K [0x000000076ab00000, 0x00000007a7200000, 0x00000007c0000000)
  eden space 451584K, 0% used [0x000000076ab00000,0x000000076ab00000,0x0000000786400000)
  from space 206336K, 81% used [0x0000000786400000,0x00000007908e4978,0x0000000792d80000)
  to   space 228352K, 0% used [0x0000000799300000,0x0000000799300000,0x00000007a7200000)
 ParOldGen       total 654336K, used 422821K [0x00000006c0000000, 0x00000006e7f00000, 0x000000076ab00000)
  object space 654336K, 64% used [0x00000006c0000000,0x00000006d9ce9728,0x00000006e7f00000)
 Metaspace       used 6488K, capacity 7288K, committed 7552K, reserved 1056768K
  class space    used 615K, capacity 624K, committed 640K, reserved 1048576K
}
Event: 42.987 GC heap before
{Heap before GC invocations=17 (full 3):
 PSYoungGen      total 657920K, used 620434K [0x000000076ab00000, 0x00000007a7200000, 0x00000007c0000000)
  eden space 451584K, 100% used [0x000000076ab00000,0x0000000786400000,0x0000000786400000)
  from space 206336K, 81% used [0x0000000786400000,0x00000007908e4978,0x0000000792d80000)
  to   space 228352K, 0% used [0x0000000799300000,0x0000000799300000,0x00000007a7200000)
 ParOldGen       total 654336K, used 422821K [0x00000006c0000000, 0x00000006e7f00000, 0x000000076ab00000)
  object space 654336K, 64% used [0x00000006c0000000,0x00000006d9ce9728,0x00000006e7f00000)
 Metaspace       used 6488K, capacity 7288K, committed 7552K, reserved 1056768K
  class space    used 615K, capacity 624K, committed 640K, reserved 1048576K
Event: 43.300 GC heap after
Heap after GC invocations=17 (full 3):
 PSYoungGen      total 740864K, used 178763K [0x000000076ab00000, 0x00000007a9c00000, 0x00000007c0000000)
  eden space 512512K, 0% used [0x000000076ab00000,0x000000076ab00000,0x0000000789f80000)
  from space 228352K, 78% used [0x0000000799300000,0x00000007a4192f10,0x00000007a7200000)
  to   space 249344K, 0% used [0x0000000789f80000,0x0000000789f80000,0x0000000799300000)
 ParOldGen       total 654336K, used 422821K [0x00000006c0000000, 0x00000006e7f00000, 0x000000076ab00000)
  object space 654336K, 64% used [0x00000006c0000000,0x00000006d9ce9728,0x00000006e7f00000)
 Metaspace       used 6488K, capacity 7288K, committed 7552K, reserved 1056768K
  class space    used 615K, capacity 624K, committed 640K, reserved 1048576K
}
Event: 45.601 GC heap before
{Heap before GC invocations=18 (full 3):
 PSYoungGen      total 740864K, used 691275K [0x000000076ab00000, 0x00000007a9c00000, 0x00000007c0000000)
  eden space 512512K, 100% used [0x000000076ab00000,0x0000000789f80000,0x0000000789f80000)
  from space 228352K, 78% used [0x0000000799300000,0x00000007a4192f10,0x00000007a7200000)
  to   space 249344K, 0% used [0x0000000789f80000,0x0000000789f80000,0x0000000799300000)
 ParOldGen       total 654336K, used 422821K [0x00000006c0000000, 0x00000006e7f00000, 0x000000076ab00000)
  object space 654336K, 64% used [0x00000006c0000000,0x00000006d9ce9728,0x00000006e7f00000)
 Metaspace       used 6496K, capacity 7288K, committed 7552K, reserved 1056768K
  class space    used 615K, capacity 624K, committed 640K, reserved 1048576K
Event: 46.048 GC heap after
Heap after GC invocations=18 (full 3):
 PSYoungGen      total 761856K, used 185875K [0x000000076ab00000, 0x00000007b1080000, 0x00000007c0000000)
  eden space 512512K, 0% used [0x000000076ab00000,0x000000076ab00000,0x0000000789f80000)
  from space 249344K, 74% used [0x0000000789f80000,0x0000000795504dd0,0x0000000799300000)
  to   space 268288K, 0% used [0x00000007a0a80000,0x00000007a0a80000,0x00000007b1080000)
 ParOldGen       total 654336K, used 422829K [0x00000006c0000000, 0x00000006e7f00000, 0x000000076ab00000)
  object space 654336K, 64% used [0x00000006c0000000,0x00000006d9ceb728,0x00000006e7f00000)
 Metaspace       used 6496K, capacity 7288K, committed 7552K, reserved 1056768K
  class space    used 615K, capacity 624K, committed 640K, reserved 1048576K
}

