# JRE version: Java(TM) SE Runtime Environment (8.0_45-b15) (build 1.8.0_45-b15)
# Java VM: Java HotSpot(TM) 64-Bit Server VM (25.45-b02 mixed mode windows-amd64 compressed oops)
Heap:
 PSYoungGen      total 564224K, used 277786K [0x000000076ab00000, 0x000000079d280000, 0x00000007c0000000)
  eden space 460288K, 60% used [0x000000076ab00000,0x000000077ba46a28,0x0000000786c80000)
  from space 103936K, 0% used [0x0000000786c80000,0x0000000786c80000,0x000000078d200000)
  to   space 104448K, 0% used [0x0000000796c80000,0x0000000796c80000,0x000000079d280000)
 ParOldGen       total 434176K, used 254213K [0x00000006c0000000, 0x00000006da800000, 0x000000076ab00000)
  object space 434176K, 58% used [0x00000006c0000000,0x00000006cf8414c0,0x00000006da800000)
 Metaspace       used 6492K, capacity 7288K, committed 7552K, reserved 1056768K
  class space    used 612K, capacity 624K, committed 640K, reserved 1048576K
GC Heap History (10 events):
Event: 12.745 GC heap before
{Heap before GC invocations=10 (full 1):
 PSYoungGen      total 407552K, used 407550K [0x000000076ab00000, 0x0000000790f00000, 0x00000007c0000000)
  eden space 356352K, 100% used [0x000000076ab00000,0x0000000780700000,0x0000000780700000)
  from space 51200K, 99% used [0x000000078dd00000,0x0000000790effba0,0x0000000790f00000)
  to   space 62464K, 0% used [0x0000000789500000,0x0000000789500000,0x000000078d200000)
 ParOldGen       total 174080K, used 91444K [0x00000006c0000000, 0x00000006caa00000, 0x000000076ab00000)
  object space 174080K, 52% used [0x00000006c0000000,0x00000006c594d0a0,0x00000006caa00000)
 Metaspace       used 6468K, capacity 7288K, committed 7552K, reserved 1056768K
  class space    used 611K, capacity 624K, committed 640K, reserved 1048576K
Event: 13.049 GC heap after
Heap after GC invocations=10 (full 1):
 PSYoungGen      total 505344K, used 62437K [0x000000076ab00000, 0x0000000790d80000, 0x00000007c0000000)
  eden space 442880K, 0% used [0x000000076ab00000,0x000000076ab00000,0x0000000785b80000)
  from space 62464K, 99% used [0x0000000789500000,0x000000078d1f9450,0x000000078d200000)
  to   space 60928K, 0% used [0x000000078d200000,0x000000078d200000,0x0000000790d80000)
 ParOldGen       total 174080K, used 136394K [0x00000006c0000000, 0x00000006caa00000, 0x000000076ab00000)
  object space 174080K, 78% used [0x00000006c0000000,0x00000006c8532a28,0x00000006caa00000)
 Metaspace       used 6468K, capacity 7288K, committed 7552K, reserved 1056768K
  class space    used 611K, capacity 624K, committed 640K, reserved 1048576K
}
Event: 13.049 GC heap before
{Heap before GC invocations=11 (full 2):
 PSYoungGen      total 505344K, used 62437K [0x000000076ab00000, 0x0000000790d80000, 0x00000007c0000000)
  eden space 442880K, 0% used [0x000000076ab00000,0x000000076ab00000,0x0000000785b80000)
  from space 62464K, 99% used [0x0000000789500000,0x000000078d1f9450,0x000000078d200000)
  to   space 60928K, 0% used [0x000000078d200000,0x000000078d200000,0x0000000790d80000)
 ParOldGen       total 174080K, used 136394K [0x00000006c0000000, 0x00000006caa00000, 0x000000076ab00000)
  object space 174080K, 78% used [0x00000006c0000000,0x00000006c8532a28,0x00000006caa00000)
 Metaspace       used 6468K, capacity 7288K, committed 7552K, reserved 1056768K
  class space    used 611K, capacity 624K, committed 640K, reserved 1048576K
Event: 14.996 GC heap after
Heap after GC invocations=11 (full 2):
 PSYoungGen      total 505344K, used 17831K [0x000000076ab00000, 0x0000000790d80000, 0x00000007c0000000)
  eden space 442880K, 0% used [0x000000076ab00000,0x000000076ab00000,0x0000000785b80000)
  from space 62464K, 28% used [0x0000000789500000,0x000000078a669e50,0x000000078d200000)
  to   space 60928K, 0% used [0x000000078d200000,0x000000078d200000,0x0000000790d80000)
 ParOldGen       total 310784K, used 174051K [0x00000006c0000000, 0x00000006d2f80000, 0x000000076ab00000)
  object space 310784K, 56% used [0x00000006c0000000,0x00000006ca9f8fa8,0x00000006d2f80000)
 Metaspace       used 6468K, capacity 7288K, committed 7552K, reserved 1056768K
  class space    used 611K, capacity 624K, committed 640K, reserved 1048576K
}
Event: 17.321 GC heap before
{Heap before GC invocations=12 (full 2):
 PSYoungGen      total 505344K, used 460711K [0x000000076ab00000, 0x0000000790d80000, 0x00000007c0000000)
  eden space 442880K, 100% used [0x000000076ab00000,0x0000000785b80000,0x0000000785b80000)
  from space 62464K, 28% used [0x0000000789500000,0x000000078a669e50,0x000000078d200000)
  to   space 60928K, 0% used [0x000000078d200000,0x000000078d200000,0x0000000790d80000)
 ParOldGen       total 310784K, used 174053K [0x00000006c0000000, 0x00000006d2f80000, 0x000000076ab00000)
  object space 310784K, 56% used [0x00000006c0000000,0x00000006ca9f9668,0x00000006d2f80000)
 Metaspace       used 6482K, capacity 7288K, committed 7552K, reserved 1056768K
  class space    used 611K, capacity 624K, committed 640K, reserved 1048576K
Event: 17.608 GC heap after
Heap after GC invocations=12 (full 2):
 PSYoungGen      total 521216K, used 60898K [0x000000076ab00000, 0x0000000796b00000, 0x00000007c0000000)
  eden space 460288K, 0% used [0x000000076ab00000,0x000000076ab00000,0x0000000786c80000)
  from space 60928K, 99% used [0x000000078d200000,0x0000000790d788f8,0x0000000790d80000)
  to   space 103936K, 0% used [0x0000000786c80000,0x0000000786c80000,0x000000078d200000)
 ParOldGen       total 310784K, used 198485K [0x00000006c0000000, 0x00000006d2f80000, 0x000000076ab00000)
  object space 310784K, 63% used [0x00000006c0000000,0x00000006cc1d5760,0x00000006d2f80000)
 Metaspace       used 6482K, capacity 7288K, committed 7552K, reserved 1056768K
  class space    used 611K, capacity 624K, committed 640K, reserved 1048576K
}
Event: 17.614 GC heap before
{Heap before GC invocations=13 (full 2):
 PSYoungGen      total 521216K, used 66599K [0x000000076ab00000, 0x0000000796b00000, 0x00000007c0000000)
  eden space 460288K, 1% used [0x000000076ab00000,0x000000076b091508,0x0000000786c80000)
  from space 60928K, 99% used [0x000000078d200000,0x0000000790d788f8,0x0000000790d80000)
  to   space 103936K, 0% used [0x0000000786c80000,0x0000000786c80000,0x000000078d200000)
 ParOldGen       total 310784K, used 198485K [0x00000006c0000000, 0x00000006d2f80000, 0x000000076ab00000)
  object space 310784K, 63% used [0x00000006c0000000,0x00000006cc1d5760,0x00000006d2f80000)
 Metaspace       used 6482K, capacity 7288K, committed 7552K, reserved 1056768K
  class space    used 611K, capacity 624K, committed 640K, reserved 1048576K
Event: 17.720 GC heap after
Heap after GC invocations=13 (full 2):
 PSYoungGen      total 564224K, used 256K [0x000000076ab00000, 0x000000079d280000, 0x00000007c0000000)
  eden space 460288K, 0% used [0x000000076ab00000,0x000000076ab00000,0x0000000786c80000)
  from space 103936K, 0% used [0x0000000786c80000,0x0000000786cc0000,0x000000078d200000)
  to   space 104448K, 0% used [0x0000000796c80000,0x0000000796c80000,0x000000079d280000)
 ParOldGen       total 310784K, used 259763K [0x00000006c0000000, 0x00000006d2f80000, 0x000000076ab00000)
  object space 310784K, 83% used [0x00000006c0000000,0x00000006cfdace08,0x00000006d2f80000)
 Metaspace       used 6482K, capacity 7288K, committed 7552K, reserved 1056768K
  class space    used 611K, capacity 624K, committed 640K, reserved 1048576K
}
Event: 17.720 GC heap before
{Heap before GC invocations=14 (full 3):
 PSYoungGen      total 564224K, used 256K [0x000000076ab00000, 0x000000079d280000, 0x00000007c0000000)
  eden space 460288K, 0% used [0x000000076ab00000,0x000000076ab00000,0x0000000786c80000)
  from space 103936K, 0% used [0x0000000786c80000,0x0000000786cc0000,0x000000078d200000)
  to   space 104448K, 0% used [0x0000000796c80000,0x0000000796c80000,0x000000079d280000)
 ParOldGen       total 310784K, used 259763K [0x00000006c0000000, 0x00000006d2f80000, 0x000000076ab00000)
  object space 310784K, 83% used [0x00000006c0000000,0x00000006cfdace08,0x00000006d2f80000)
 Metaspace       used 6482K, capacity 7288K, committed 7552K, reserved 1056768K
  class space    used 611K, capacity 624K, committed 640K, reserved 1048576K
Event: 19.629 GC heap after
Heap after GC invocations=14 (full 3):
 PSYoungGen      total 564224K, used 0K [0x000000076ab00000, 0x000000079d280000, 0x00000007c0000000)
  eden space 460288K, 0% used [0x000000076ab00000,0x000000076ab00000,0x0000000786c80000)
  from space 103936K, 0% used [0x0000000786c80000,0x0000000786c80000,0x000000078d200000)
  to   space 104448K, 0% used [0x0000000796c80000,0x0000000796c80000,0x000000079d280000)
 ParOldGen       total 434176K, used 254213K [0x00000006c0000000, 0x00000006da800000, 0x000000076ab00000)
  object space 434176K, 58% used [0x00000006c0000000,0x00000006cf8414c0,0x00000006da800000)
 Metaspace       used 6482K, capacity 7288K, committed 7552K, reserved 1056768K
  class space    used 611K, capacity 624K, committed 640K, reserved 1048576K
}

