# JRE version: Java(TM) SE Runtime Environment (8.0_45-b15) (build 1.8.0_45-b15)
# Java VM: Java HotSpot(TM) 64-Bit Server VM (25.45-b02 mixed mode windows-amd64 compressed oops)
Heap:
 PSYoungGen      total 780800K, used 480068K [0x000000076ab00000, 0x00000007adb80000, 0x00000007c0000000)
  eden space 520704K, 92% used [0x000000076ab00000,0x0000000787fd1168,0x000000078a780000)
  from space 260096K, 0% used [0x000000078a780000,0x000000078a780000,0x000000079a580000)
  to   space 195584K, 0% used [0x000000079a580000,0x000000079a580000,0x00000007a6480000)
 ParOldGen       total 820224K, used 633382K [0x00000006c0000000, 0x00000006f2100000, 0x000000076ab00000)
  object space 820224K, 77% used [0x00000006c0000000,0x00000006e6a899a8,0x00000006f2100000)
 Metaspace       used 6516K, capacity 7288K, committed 7552K, reserved 1056768K
  class space    used 614K, capacity 624K, committed 640K, reserved 1048576K
GC Heap History (10 events):
Event: 78.885 GC heap before
{Heap before GC invocations=16 (full 3):
 PSYoungGen      total 625152K, used 606904K [0x000000076ab00000, 0x0000000799500000, 0x00000007c0000000)
  eden space 510976K, 100% used [0x000000076ab00000,0x0000000789e00000,0x0000000789e00000)
  from space 114176K, 84% used [0x0000000792100000,0x0000000797eae368,0x0000000799080000)
  to   space 126464K, 0% used [0x0000000789e00000,0x0000000789e00000,0x0000000791980000)
 ParOldGen       total 513024K, used 312218K [0x00000006c0000000, 0x00000006df500000, 0x000000076ab00000)
  object space 513024K, 60% used [0x00000006c0000000,0x00000006d30e6870,0x00000006df500000)
 Metaspace       used 6513K, capacity 7288K, committed 7552K, reserved 1056768K
  class space    used 614K, capacity 624K, committed 640K, reserved 1048576K
Event: 79.792 GC heap after
Heap after GC invocations=16 (full 3):
 PSYoungGen      total 637440K, used 126442K [0x000000076ab00000, 0x00000007a6480000, 0x00000007c0000000)
  eden space 510976K, 0% used [0x000000076ab00000,0x000000076ab00000,0x0000000789e00000)
  from space 126464K, 99% used [0x0000000789e00000,0x000000079197a970,0x0000000791980000)
  to   space 195584K, 0% used [0x000000079a580000,0x000000079a580000,0x00000007a6480000)
 ParOldGen       total 513024K, used 444077K [0x00000006c0000000, 0x00000006df500000, 0x000000076ab00000)
  object space 513024K, 86% used [0x00000006c0000000,0x00000006db1ab560,0x00000006df500000)
 Metaspace       used 6513K, capacity 7288K, committed 7552K, reserved 1056768K
  class space    used 614K, capacity 624K, committed 640K, reserved 1048576K
}
Event: 79.792 GC heap before
{Heap before GC invocations=17 (full 4):
 PSYoungGen      total 637440K, used 126442K [0x000000076ab00000, 0x00000007a6480000, 0x00000007c0000000)
  eden space 510976K, 0% used [0x000000076ab00000,0x000000076ab00000,0x0000000789e00000)
  from space 126464K, 99% used [0x0000000789e00000,0x000000079197a970,0x0000000791980000)
  to   space 195584K, 0% used [0x000000079a580000,0x000000079a580000,0x00000007a6480000)
 ParOldGen       total 513024K, used 444077K [0x00000006c0000000, 0x00000006df500000, 0x000000076ab00000)
  object space 513024K, 86% used [0x00000006c0000000,0x00000006db1ab560,0x00000006df500000)
 Metaspace       used 6513K, capacity 7288K, committed 7552K, reserved 1056768K
  class space    used 614K, capacity 624K, committed 640K, reserved 1048576K
Event: 88.586 GC heap after
Heap after GC invocations=17 (full 4):
 PSYoungGen      total 637440K, used 48321K [0x000000076ab00000, 0x00000007a6480000, 0x00000007c0000000)
  eden space 510976K, 0% used [0x000000076ab00000,0x000000076ab00000,0x0000000789e00000)
  from space 126464K, 38% used [0x0000000789e00000,0x000000078cd30748,0x0000000791980000)
  to   space 195584K, 0% used [0x000000079a580000,0x000000079a580000,0x00000007a6480000)
 ParOldGen       total 820224K, used 512754K [0x00000006c0000000, 0x00000006f2100000, 0x000000076ab00000)
  object space 820224K, 62% used [0x00000006c0000000,0x00000006df4bc9c0,0x00000006f2100000)
 Metaspace       used 6513K, capacity 7288K, committed 7552K, reserved 1056768K
  class space    used 614K, capacity 624K, committed 640K, reserved 1048576K
}
Event: 92.793 GC heap before
{Heap before GC invocations=18 (full 4):
 PSYoungGen      total 637440K, used 559297K [0x000000076ab00000, 0x00000007a6480000, 0x00000007c0000000)
  eden space 510976K, 100% used [0x000000076ab00000,0x0000000789e00000,0x0000000789e00000)
  from space 126464K, 38% used [0x0000000789e00000,0x000000078cd30748,0x0000000791980000)
  to   space 195584K, 0% used [0x000000079a580000,0x000000079a580000,0x00000007a6480000)
 ParOldGen       total 820224K, used 512754K [0x00000006c0000000, 0x00000006f2100000, 0x000000076ab00000)
  object space 820224K, 62% used [0x00000006c0000000,0x00000006df4bc9c0,0x00000006f2100000)
 Metaspace       used 6513K, capacity 7288K, committed 7552K, reserved 1056768K
  class space    used 614K, capacity 624K, committed 640K, reserved 1048576K
Event: 93.931 GC heap after
Heap after GC invocations=18 (full 4):
 PSYoungGen      total 716288K, used 195569K [0x000000076ab00000, 0x00000007adb80000, 0x00000007c0000000)
  eden space 520704K, 0% used [0x000000076ab00000,0x000000076ab00000,0x000000078a780000)
  from space 195584K, 99% used [0x000000079a580000,0x00000007a647c770,0x00000007a6480000)
  to   space 260096K, 0% used [0x000000078a780000,0x000000078a780000,0x000000079a580000)
 ParOldGen       total 820224K, used 595767K [0x00000006c0000000, 0x00000006f2100000, 0x000000076ab00000)
  object space 820224K, 72% used [0x00000006c0000000,0x00000006e45cdc78,0x00000006f2100000)
 Metaspace       used 6513K, capacity 7288K, committed 7552K, reserved 1056768K
  class space    used 614K, capacity 624K, committed 640K, reserved 1048576K
}
Event: 96.856 GC heap before
{Heap before GC invocations=19 (full 4):
 PSYoungGen      total 716288K, used 716273K [0x000000076ab00000, 0x00000007adb80000, 0x00000007c0000000)
  eden space 520704K, 100% used [0x000000076ab00000,0x000000078a780000,0x000000078a780000)
  from space 195584K, 99% used [0x000000079a580000,0x00000007a647c770,0x00000007a6480000)
  to   space 260096K, 0% used [0x000000078a780000,0x000000078a780000,0x000000079a580000)
 ParOldGen       total 820224K, used 595767K [0x00000006c0000000, 0x00000006f2100000, 0x000000076ab00000)
  object space 820224K, 72% used [0x00000006c0000000,0x00000006e45cdc78,0x00000006f2100000)
 Metaspace       used 6513K, capacity 7288K, committed 7552K, reserved 1056768K
  class space    used 614K, capacity 624K, committed 640K, reserved 1048576K
Event: 98.164 GC heap after
Heap after GC invocations=19 (full 4):
 PSYoungGen      total 780800K, used 179804K [0x000000076ab00000, 0x00000007adb80000, 0x00000007c0000000)
  eden space 520704K, 0% used [0x000000076ab00000,0x000000076ab00000,0x000000078a780000)
  from space 260096K, 69% used [0x000000078a780000,0x0000000795717168,0x000000079a580000)
  to   space 195584K, 0% used [0x000000079a580000,0x000000079a580000,0x00000007a6480000)
 ParOldGen       total 820224K, used 740650K [0x00000006c0000000, 0x00000006f2100000, 0x000000076ab00000)
  object space 820224K, 90% used [0x00000006c0000000,0x00000006ed34a818,0x00000006f2100000)
 Metaspace       used 6513K, capacity 7288K, committed 7552K, reserved 1056768K
  class space    used 614K, capacity 624K, committed 640K, reserved 1048576K
}
Event: 98.164 GC heap before
{Heap before GC invocations=20 (full 5):
 PSYoungGen      total 780800K, used 179804K [0x000000076ab00000, 0x00000007adb80000, 0x00000007c0000000)
  eden space 520704K, 0% used [0x000000076ab00000,0x000000076ab00000,0x000000078a780000)
  from space 260096K, 69% used [0x000000078a780000,0x0000000795717168,0x000000079a580000)
  to   space 195584K, 0% used [0x000000079a580000,0x000000079a580000,0x00000007a6480000)
 ParOldGen       total 820224K, used 740650K [0x00000006c0000000, 0x00000006f2100000, 0x000000076ab00000)
  object space 820224K, 90% used [0x00000006c0000000,0x00000006ed34a818,0x00000006f2100000)
 Metaspace       used 6513K, capacity 7288K, committed 7552K, reserved 1056768K
  class space    used 614K, capacity 624K, committed 640K, reserved 1048576K
Event: 106.639 GC heap after
Heap after GC invocations=20 (full 5):
 PSYoungGen      total 780800K, used 0K [0x000000076ab00000, 0x00000007adb80000, 0x00000007c0000000)
  eden space 520704K, 0% used [0x000000076ab00000,0x000000076ab00000,0x000000078a780000)
  from space 260096K, 0% used [0x000000078a780000,0x000000078a780000,0x000000079a580000)
  to   space 195584K, 0% used [0x000000079a580000,0x000000079a580000,0x00000007a6480000)
 ParOldGen       total 820224K, used 633382K [0x00000006c0000000, 0x00000006f2100000, 0x000000076ab00000)
  object space 820224K, 77% used [0x00000006c0000000,0x00000006e6a899a8,0x00000006f2100000)
 Metaspace       used 6513K, capacity 7288K, committed 7552K, reserved 1056768K
  class space    used 614K, capacity 624K, committed 640K, reserved 1048576K
}

